{"meta": {"format": 3, "version": "7.10.7", "timestamp": "2026-05-03T19:48:13.290178", "branch_coverage": false, "show_contexts": false}, "files": {"src\\climasus4py\\__init__.py": {"executed_lines": [1, 17, 18, 19, 20, 21, 22, 23, 24, 25, 26, 27, 28, 29, 30, 31, 32, 33, 34, 35, 36, 37, 39], "summary": {"covered_lines": 22, "num_statements": 22, "percent_covered": 100.0, "percent_covered_display": "100", "missing_lines": 0, "excluded_lines": 0}, "missing_lines": [], "excluded_lines": [], "functions": {"": {"executed_lines": [1, 17, 18, 19, 20, 21, 22, 23, 24, 25, 26, 27, 28, 29, 30, 31, 32, 33, 34, 35, 36, 37, 39], "summary": {"covered_lines": 22, "num_statements": 22, "percent_covered": 100.0, "percent_covered_display": "100", "missing_lines": 0, "excluded_lines": 0}, "missing_lines": [], "excluded_lines": []}}, "classes": {"": {"executed_lines": [1, 17, 18, 19, 20, 21, 22, 23, 24, 25, 26, 27, 28, 29, 30, 31, 32, 33, 34, 35, 36, 37, 39], "summary": {"covered_lines": 22, "num_statements": 22, "percent_covered": 100.0, "percent_covered_display": "100", "missing_lines": 0, "excluded_lines": 0}, "missing_lines": [], "excluded_lines": []}}}, "src\\climasus4py\\_version.py": {"executed_lines": [1, 3], "summary": {"covered_lines": 1, "num_statements": 1, "percent_covered": 100.0, "percent_covered_display": "100", "missing_lines": 0, "excluded_lines": 0}, "missing_lines": [], "excluded_lines": [], "functions": {"": {"executed_lines": [1, 3], "summary": {"covered_lines": 1, "num_statements": 1, "percent_covered": 100.0, "percent_covered_display": "100", "missing_lines": 0, "excluded_lines": 0}, "missing_lines": [], "excluded_lines": []}}, "classes": {"": {"executed_lines": [1, 3], "summary": {"covered_lines": 1, "num_statements": 1, "percent_covered": 100.0, "percent_covered_display": "100", "missing_lines": 0, "excluded_lines": 0}, "missing_lines": [], "excluded_lines": []}}}, "src\\climasus4py\\core\\__init__.py": {"executed_lines": [1, 3, 4, 6], "summary": {"covered_lines": 3, "num_statements": 3, "percent_covered": 100.0, "percent_covered_display": "100", "missing_lines": 0, "excluded_lines": 0}, "missing_lines": [], "excluded_lines": [], "functions": {"": {"executed_lines": [1, 3, 4, 6], "summary": {"covered_lines": 3, "num_statements": 3, "percent_covered": 100.0, "percent_covered_display": "100", "missing_lines": 0, "excluded_lines": 0}, "missing_lines": [], "excluded_lines": []}}, "classes": {"": {"executed_lines": [1, 3, 4, 6], "summary": {"covered_lines": 3, "num_statements": 3, "percent_covered": 100.0, "percent_covered_display": "100", "missing_lines": 0, "excluded_lines": 0}, "missing_lines": [], "excluded_lines": []}}}, "src\\climasus4py\\core\\_guards.py": {"executed_lines": [1, 3, 5, 7, 10, 12, 15, 17, 19, 20, 27, 28, 35, 44, 46, 47], "summary": {"covered_lines": 15, "num_statements": 18, "percent_covered": 83.33333333333333, "percent_covered_display": "83", "missing_lines": 3, "excluded_lines": 0}, "missing_lines": [37, 38, 48], "excluded_lines": [], "functions": {"_is_geodataframe": {"executed_lines": [12], "summary": {"covered_lines": 1, "num_statements": 1, "percent_covered": 100.0, "percent_covered_display": "100", "missing_lines": 0, "excluded_lines": 0}, "missing_lines": [], "excluded_lines": []}, "_assert_lazy": {"executed_lines": [17, 19, 20, 27, 28], "summary": {"covered_lines": 5, "num_statements": 5, "percent_covered": 100.0, "percent_covered_display": "100", "missing_lines": 0, "excluded_lines": 0}, "missing_lines": [], "excluded_lines": []}, "_assert_not_geodataframe": {"executed_lines": [], "summary": {"covered_lines": 0, "num_statements": 2, "percent_covered": 0.0, "percent_covered_display": "0", "missing_lines": 2, "excluded_lines": 0}, "missing_lines": [37, 38], "excluded_lines": []}, "_require_columns": {"executed_lines": [46, 47], "summary": {"covered_lines": 2, "num_statements": 3, "percent_covered": 66.66666666666667, "percent_covered_display": "67", "missing_lines": 1, "excluded_lines": 0}, "missing_lines": [48], "excluded_lines": []}, "": {"executed_lines": [1, 3, 5, 7, 10, 15, 35, 44], "summary": {"covered_lines": 7, "num_statements": 7, "percent_covered": 100.0, "percent_covered_display": "100", "missing_lines": 0, "excluded_lines": 0}, "missing_lines": [], "excluded_lines": []}}, "classes": {"": {"executed_lines": [1, 3, 5, 7, 10, 12, 15, 17, 19, 20, 27, 28, 35, 44, 46, 47], "summary": {"covered_lines": 15, "num_statements": 18, "percent_covered": 83.33333333333333, "percent_covered_display": "83", "missing_lines": 3, "excluded_lines": 0}, "missing_lines": [37, 38, 48], "excluded_lines": []}}}, "src\\climasus4py\\core\\_sql.py": {"executed_lines": [1, 3, 5, 6, 8, 11, 13, 16, 18, 19, 22, 28, 34, 35, 36], "summary": {"covered_lines": 14, "num_statements": 16, "percent_covered": 87.5, "percent_covered_display": "88", "missing_lines": 2, "excluded_lines": 0}, "missing_lines": [24, 25], "excluded_lines": [], "functions": {"quote_ident": {"executed_lines": [13], "summary": {"covered_lines": 1, "num_statements": 1, "percent_covered": 100.0, "percent_covered_display": "100", "missing_lines": 0, "excluded_lines": 0}, "missing_lines": [], "excluded_lines": []}, "sql_string": {"executed_lines": [18, 19], "summary": {"covered_lines": 2, "num_statements": 2, "percent_covered": 100.0, "percent_covered_display": "100", "missing_lines": 0, "excluded_lines": 0}, "missing_lines": [], "excluded_lines": []}, "project_all": {"executed_lines": [], "summary": {"covered_lines": 0, "num_statements": 2, "percent_covered": 0.0, "percent_covered_display": "0", "missing_lines": 2, "excluded_lines": 0}, "missing_lines": [24, 25], "excluded_lines": []}, "register_relation": {"executed_lines": [34, 35, 36], "summary": {"covered_lines": 3, "num_statements": 3, "percent_covered": 100.0, "percent_covered_display": "100", "missing_lines": 0, "excluded_lines": 0}, "missing_lines": [], "excluded_lines": []}, "": {"executed_lines": [1, 3, 5, 6, 8, 11, 16, 22, 28], "summary": {"covered_lines": 8, "num_statements": 8, "percent_covered": 100.0, "percent_covered_display": "100", "missing_lines": 0, "excluded_lines": 0}, "missing_lines": [], "excluded_lines": []}}, "classes": {"": {"executed_lines": [1, 3, 5, 6, 8, 11, 13, 16, 18, 19, 22, 28, 34, 35, 36], "summary": {"covered_lines": 14, "num_statements": 16, "percent_covered": 87.5, "percent_covered_display": "88", "missing_lines": 2, "excluded_lines": 0}, "missing_lines": [24, 25], "excluded_lines": []}}}, "src\\climasus4py\\core\\_stage.py": {"executed_lines": [1, 3, 5, 6, 7, 9, 11, 26, 27, 30, 36, 38, 39, 42, 45, 47, 48, 52, 54, 55, 56, 58, 59, 60, 64, 65, 72, 73, 74, 75, 76, 77, 78, 79], "summary": {"covered_lines": 33, "num_statements": 37, "percent_covered": 89.1891891891892, "percent_covered_display": "89", "missing_lines": 4, "excluded_lines": 3}, "missing_lines": [41, 49, 61, 62], "excluded_lines": [31, 32, 33], "functions": {"set_stage": {"executed_lines": [38, 39, 42], "summary": {"covered_lines": 3, "num_statements": 4, "percent_covered": 75.0, "percent_covered_display": "75", "missing_lines": 1, "excluded_lines": 0}, "missing_lines": [41], "excluded_lines": []}, "get_stage": {"executed_lines": [47, 48], "summary": {"covered_lines": 2, "num_statements": 3, "percent_covered": 66.66666666666667, "percent_covered_display": "67", "missing_lines": 1, "excluded_lines": 0}, "missing_lines": [49], "excluded_lines": []}, "assert_after": {"executed_lines": [54, 55, 56, 58, 59, 60, 64, 65], "summary": {"covered_lines": 8, "num_statements": 10, "percent_covered": 80.0, "percent_covered_display": "80", "missing_lines": 2, "excluded_lines": 0}, "missing_lines": [61, 62], "excluded_lines": []}, "_stage_message": {"executed_lines": [73, 74, 75, 76, 77, 78, 79], "summary": {"covered_lines": 7, "num_statements": 7, "percent_covered": 100.0, "percent_covered_display": "100", "missing_lines": 0, "excluded_lines": 0}, "missing_lines": [], "excluded_lines": []}, "": {"executed_lines": [1, 3, 5, 6, 7, 9, 11, 26, 27, 30, 36, 45, 52, 72], "summary": {"covered_lines": 13, "num_statements": 13, "percent_covered": 100.0, "percent_covered_display": "100", "missing_lines": 0, "excluded_lines": 3}, "missing_lines": [], "excluded_lines": [31, 32, 33]}}, "classes": {"": {"executed_lines": [1, 3, 5, 6, 7, 9, 11, 26, 27, 30, 36, 38, 39, 42, 45, 47, 48, 52, 54, 55, 56, 58, 59, 60, 64, 65, 72, 73, 74, 75, 76, 77, 78, 79], "summary": {"covered_lines": 33, "num_statements": 37, "percent_covered": 89.1891891891892, "percent_covered_display": "89", "missing_lines": 4, "excluded_lines": 3}, "missing_lines": [41, 49, 61, 62], "excluded_lines": [31, 32, 33]}}}, "src\\climasus4py\\core\\aggregate.py": {"executed_lines": [1, 6, 8, 10, 11, 12, 13, 16, 51, 52, 53, 54, 55, 56, 58, 60, 61, 62, 68, 71, 72, 73, 74, 85, 86, 88, 89, 92, 93, 94, 97, 98, 99, 101, 103, 104, 107, 108, 109, 110, 111, 112, 113, 114, 116, 119, 120, 121, 122, 123, 125, 126, 128, 129, 130], "summary": {"covered_lines": 54, "num_statements": 57, "percent_covered": 94.73684210526316, "percent_covered_display": "95", "missing_lines": 3, "excluded_lines": 0}, "missing_lines": [57, 59, 63], "excluded_lines": [], "functions": {"sus_aggregate": {"executed_lines": [51, 52, 53, 54, 55, 56, 58, 60, 61, 62, 68, 71, 72, 73, 74, 85, 86, 88, 89, 92, 93, 94, 97, 98, 99, 101, 103, 104, 107, 108, 109, 110, 111, 112, 113, 114, 116, 119, 120, 121, 122, 123, 125, 126, 128, 129, 130], "summary": {"covered_lines": 47, "num_statements": 50, "percent_covered": 94.0, "percent_covered_display": "94", "missing_lines": 3, "excluded_lines": 0}, "missing_lines": [57, 59, 63], "excluded_lines": []}, "": {"executed_lines": [1, 6, 8, 10, 11, 12, 13, 16], "summary": {"covered_lines": 7, "num_statements": 7, "percent_covered": 100.0, "percent_covered_display": "100", "missing_lines": 0, "excluded_lines": 0}, "missing_lines": [], "excluded_lines": []}}, "classes": {"": {"executed_lines": [1, 6, 8, 10, 11, 12, 13, 16, 51, 52, 53, 54, 55, 56, 58, 60, 61, 62, 68, 71, 72, 73, 74, 85, 86, 88, 89, 92, 93, 94, 97, 98, 99, 101, 103, 104, 107, 108, 109, 110, 111, 112, 113, 114, 116, 119, 120, 121, 122, 123, 125, 126, 128, 129, 130], "summary": {"covered_lines": 54, "num_statements": 57, "percent_covered": 94.73684210526316, "percent_covered_display": "95", "missing_lines": 3, "excluded_lines": 0}, "missing_lines": [57, 59, 63], "excluded_lines": []}}}, "src\\climasus4py\\core\\clean.py": {"executed_lines": [1, 6, 8, 10, 11, 12, 15, 51, 52, 53, 55, 56, 57, 60, 64, 66, 68, 69, 70, 72, 82, 84, 91, 92, 93, 94, 95, 97, 98, 100, 115, 116, 117, 122, 123, 129], "summary": {"covered_lines": 35, "num_statements": 35, "percent_covered": 100.0, "percent_covered_display": "100", "missing_lines": 0, "excluded_lines": 0}, "missing_lines": [], "excluded_lines": [], "functions": {"sus_clean": {"executed_lines": [51, 52, 53, 55, 56, 57, 60, 64, 66, 68, 69, 70, 72, 82, 84, 91, 92, 93, 94, 95, 97, 98, 100, 115, 116, 117, 122, 123, 129], "summary": {"covered_lines": 29, "num_statements": 29, "percent_covered": 100.0, "percent_covered_display": "100", "missing_lines": 0, "excluded_lines": 0}, "missing_lines": [], "excluded_lines": []}, "": {"executed_lines": [1, 6, 8, 10, 11, 12, 15], "summary": {"covered_lines": 6, "num_statements": 6, "percent_covered": 100.0, "percent_covered_display": "100", "missing_lines": 0, "excluded_lines": 0}, "missing_lines": [], "excluded_lines": []}}, "classes": {"": {"executed_lines": [1, 6, 8, 10, 11, 12, 15, 51, 52, 53, 55, 56, 57, 60, 64, 66, 68, 69, 70, 72, 82, 84, 91, 92, 93, 94, 95, 97, 98, 100, 115, 116, 117, 122, 123, 129], "summary": {"covered_lines": 35, "num_statements": 35, "percent_covered": 100.0, "percent_covered_display": "100", "missing_lines": 0, "excluded_lines": 0}, "missing_lines": [], "excluded_lines": []}}}, "src\\climasus4py\\core\\climate_inmet.py": {"executed_lines": [1, 18, 20, 21, 22, 23, 24, 25, 26, 27, 28, 30, 31, 32, 33, 35, 37, 43, 49, 50, 51, 56, 58, 90, 294, 467, 632], "summary": {"covered_lines": 26, "num_statements": 278, "percent_covered": 9.352517985611511, "percent_covered_display": "9", "missing_lines": 252, "excluded_lines": 0}, "missing_lines": [155, 158, 159, 160, 161, 165, 166, 168, 170, 171, 172, 173, 179, 180, 181, 184, 185, 186, 191, 192, 193, 199, 200, 201, 208, 209, 210, 211, 212, 215, 216, 220, 231, 232, 233, 236, 237, 240, 243, 244, 247, 252, 253, 254, 259, 278, 279, 283, 287, 313, 314, 316, 317, 318, 319, 320, 321, 322, 327, 328, 329, 330, 331, 332, 333, 334, 335, 336, 337, 338, 339, 340, 341, 342, 344, 345, 346, 347, 350, 351, 352, 353, 354, 355, 356, 357, 358, 359, 360, 361, 363, 364, 365, 366, 367, 368, 379, 380, 386, 387, 388, 389, 390, 391, 392, 393, 394, 396, 398, 399, 400, 401, 402, 403, 412, 413, 414, 416, 417, 418, 419, 420, 421, 422, 423, 424, 425, 426, 427, 429, 431, 432, 433, 434, 438, 439, 440, 441, 442, 444, 446, 447, 448, 451, 452, 456, 458, 460, 482, 484, 485, 486, 489, 490, 491, 492, 493, 494, 497, 498, 499, 500, 501, 502, 505, 508, 509, 510, 511, 515, 516, 517, 518, 519, 520, 521, 522, 527, 530, 531, 533, 534, 537, 538, 540, 541, 542, 543, 544, 547, 548, 550, 551, 552, 555, 557, 563, 564, 565, 569, 570, 571, 575, 577, 579, 581, 584, 585, 586, 588, 590, 591, 592, 593, 596, 598, 599, 602, 603, 604, 605, 611, 612, 615, 616, 617, 622, 623, 625, 642, 644, 645, 646, 647, 648, 649, 652, 654, 655, 668, 669, 670, 672, 674, 676, 677, 684, 686, 687, 689, 690, 692], "excluded_lines": [], "functions": {"sus_climate_inmet": {"executed_lines": [], "summary": {"covered_lines": 0, "num_statements": 49, "percent_covered": 0.0, "percent_covered_display": "0", "missing_lines": 49, "excluded_lines": 0}, "missing_lines": [155, 158, 159, 160, 161, 165, 166, 168, 170, 171, 172, 173, 179, 180, 181, 184, 185, 186, 191, 192, 193, 199, 200, 201, 208, 209, 210, 211, 212, 215, 216, 220, 231, 232, 233, 236, 237, 240, 243, 244, 247, 252, 253, 254, 259, 278, 279, 283, 287], "excluded_lines": []}, "_download_robust": {"executed_lines": [], "summary": {"covered_lines": 0, "num_statements": 24, "percent_covered": 0.0, "percent_covered_display": "0", "missing_lines": 24, "excluded_lines": 0}, "missing_lines": [313, 314, 316, 344, 363, 398, 431, 432, 433, 434, 438, 439, 440, 441, 442, 444, 446, 447, 448, 451, 452, 456, 458, 460], "excluded_lines": []}, "_download_robust._try_requests": {"executed_lines": [], "summary": {"covered_lines": 0, "num_statements": 22, "percent_covered": 0.0, "percent_covered_display": "0", "missing_lines": 22, "excluded_lines": 0}, "missing_lines": [317, 318, 319, 320, 321, 322, 327, 328, 329, 330, 331, 332, 333, 334, 335, 336, 337, 338, 339, 340, 341, 342], "excluded_lines": []}, "_download_robust._try_urllib": {"executed_lines": [], "summary": {"covered_lines": 0, "num_statements": 15, "percent_covered": 0.0, "percent_covered_display": "0", "missing_lines": 15, "excluded_lines": 0}, "missing_lines": [345, 346, 347, 350, 351, 352, 353, 354, 355, 356, 357, 358, 359, 360, 361], "excluded_lines": []}, "_download_robust._try_curl_bin": {"executed_lines": [], "summary": {"covered_lines": 0, "num_statements": 17, "percent_covered": 0.0, "percent_covered_display": "0", "missing_lines": 17, "excluded_lines": 0}, "missing_lines": [364, 365, 366, 367, 368, 379, 380, 386, 387, 388, 389, 390, 391, 392, 393, 394, 396], "excluded_lines": []}, "_download_robust._try_wget_bin": {"executed_lines": [], "summary": {"covered_lines": 0, "num_statements": 21, "percent_covered": 0.0, "percent_covered_display": "0", "missing_lines": 21, "excluded_lines": 0}, "missing_lines": [399, 400, 401, 402, 403, 412, 413, 414, 416, 417, 418, 419, 420, 421, 422, 423, 424, 425, 426, 427, 429], "excluded_lines": []}, "_process_year": {"executed_lines": [], "summary": {"covered_lines": 0, "num_statements": 81, "percent_covered": 0.0, "percent_covered_display": "0", "missing_lines": 81, "excluded_lines": 0}, "missing_lines": [482, 484, 485, 486, 489, 490, 491, 492, 493, 494, 497, 498, 499, 500, 501, 502, 505, 508, 509, 510, 511, 515, 516, 517, 518, 519, 520, 521, 522, 527, 530, 531, 533, 534, 537, 538, 540, 541, 542, 543, 544, 547, 548, 550, 551, 552, 555, 557, 563, 564, 565, 569, 570, 571, 575, 577, 579, 581, 584, 585, 586, 588, 590, 591, 592, 593, 596, 598, 599, 602, 603, 604, 605, 611, 612, 615, 616, 617, 622, 623, 625], "excluded_lines": []}, "_download_inmet": {"executed_lines": [], "summary": {"covered_lines": 0, "num_statements": 22, "percent_covered": 0.0, "percent_covered_display": "0", "missing_lines": 22, "excluded_lines": 0}, "missing_lines": [642, 644, 645, 646, 647, 648, 649, 652, 654, 668, 669, 670, 672, 674, 676, 677, 684, 686, 687, 689, 690, 692], "excluded_lines": []}, "_download_inmet._process": {"executed_lines": [], "summary": {"covered_lines": 0, "num_statements": 1, "percent_covered": 0.0, "percent_covered_display": "0", "missing_lines": 1, "excluded_lines": 0}, "missing_lines": [655], "excluded_lines": []}, "": {"executed_lines": [1, 18, 20, 21, 22, 23, 24, 25, 26, 27, 28, 30, 31, 32, 33, 35, 37, 43, 49, 50, 51, 56, 58, 90, 294, 467, 632], "summary": {"covered_lines": 26, "num_statements": 26, "percent_covered": 100.0, "percent_covered_display": "100", "missing_lines": 0, "excluded_lines": 0}, "missing_lines": [], "excluded_lines": []}}, "classes": {"": {"executed_lines": [1, 18, 20, 21, 22, 23, 24, 25, 26, 27, 28, 30, 31, 32, 33, 35, 37, 43, 49, 50, 51, 56, 58, 90, 294, 467, 632], "summary": {"covered_lines": 26, "num_statements": 278, "percent_covered": 9.352517985611511, "percent_covered_display": "9", "missing_lines": 252, "excluded_lines": 0}, "missing_lines": [155, 158, 159, 160, 161, 165, 166, 168, 170, 171, 172, 173, 179, 180, 181, 184, 185, 186, 191, 192, 193, 199, 200, 201, 208, 209, 210, 211, 212, 215, 216, 220, 231, 232, 233, 236, 237, 240, 243, 244, 247, 252, 253, 254, 259, 278, 279, 283, 287, 313, 314, 316, 317, 318, 319, 320, 321, 322, 327, 328, 329, 330, 331, 332, 333, 334, 335, 336, 337, 338, 339, 340, 341, 342, 344, 345, 346, 347, 350, 351, 352, 353, 354, 355, 356, 357, 358, 359, 360, 361, 363, 364, 365, 366, 367, 368, 379, 380, 386, 387, 388, 389, 390, 391, 392, 393, 394, 396, 398, 399, 400, 401, 402, 403, 412, 413, 414, 416, 417, 418, 419, 420, 421, 422, 423, 424, 425, 426, 427, 429, 431, 432, 433, 434, 438, 439, 440, 441, 442, 444, 446, 447, 448, 451, 452, 456, 458, 460, 482, 484, 485, 486, 489, 490, 491, 492, 493, 494, 497, 498, 499, 500, 501, 502, 505, 508, 509, 510, 511, 515, 516, 517, 518, 519, 520, 521, 522, 527, 530, 531, 533, 534, 537, 538, 540, 541, 542, 543, 544, 547, 548, 550, 551, 552, 555, 557, 563, 564, 565, 569, 570, 571, 575, 577, 579, 581, 584, 585, 586, 588, 590, 591, 592, 593, 596, 598, 599, 602, 603, 604, 605, 611, 612, 615, 616, 617, 622, 623, 625, 642, 644, 645, 646, 647, 648, 649, 652, 654, 655, 668, 669, 670, 672, 674, 676, 677, 684, 686, 687, 689, 690, 692], "excluded_lines": []}}}, "src\\climasus4py\\core\\engine.py": {"executed_lines": [1, 6, 8, 9, 11, 13, 18, 21, 35, 36, 37, 40, 59, 60, 61, 62, 66, 82, 85, 102, 123, 125, 126, 130, 143], "summary": {"covered_lines": 23, "num_statements": 26, "percent_covered": 88.46153846153847, "percent_covered_display": "88", "missing_lines": 3, "excluded_lines": 3}, "missing_lines": [63, 99, 127], "excluded_lines": [13, 14, 15], "functions": {"get_connection": {"executed_lines": [35, 36, 37], "summary": {"covered_lines": 3, "num_statements": 3, "percent_covered": 100.0, "percent_covered_display": "100", "missing_lines": 0, "excluded_lines": 0}, "missing_lines": [], "excluded_lines": []}, "read_parquets": {"executed_lines": [59, 60, 61, 62], "summary": {"covered_lines": 4, "num_statements": 5, "percent_covered": 80.0, "percent_covered_display": "80", "missing_lines": 1, "excluded_lines": 0}, "missing_lines": [63], "excluded_lines": []}, "is_relation": {"executed_lines": [82], "summary": {"covered_lines": 1, "num_statements": 1, "percent_covered": 100.0, "percent_covered_display": "100", "missing_lines": 0, "excluded_lines": 0}, "missing_lines": [], "excluded_lines": []}, "_internal_collect": {"executed_lines": [], "summary": {"covered_lines": 0, "num_statements": 1, "percent_covered": 0.0, "percent_covered_display": "0", "missing_lines": 1, "excluded_lines": 0}, "missing_lines": [99], "excluded_lines": []}, "collect_arrow": {"executed_lines": [123, 125, 126], "summary": {"covered_lines": 3, "num_statements": 4, "percent_covered": 75.0, "percent_covered_display": "75", "missing_lines": 1, "excluded_lines": 0}, "missing_lines": [127], "excluded_lines": []}, "schema_columns": {"executed_lines": [143], "summary": {"covered_lines": 1, "num_statements": 1, "percent_covered": 100.0, "percent_covered_display": "100", "missing_lines": 0, "excluded_lines": 0}, "missing_lines": [], "excluded_lines": []}, "": {"executed_lines": [1, 6, 8, 9, 11, 13, 18, 21, 40, 66, 85, 102, 130], "summary": {"covered_lines": 11, "num_statements": 11, "percent_covered": 100.0, "percent_covered_display": "100", "missing_lines": 0, "excluded_lines": 3}, "missing_lines": [], "excluded_lines": [13, 14, 15]}}, "classes": {"": {"executed_lines": [1, 6, 8, 9, 11, 13, 18, 21, 35, 36, 37, 40, 59, 60, 61, 62, 66, 82, 85, 102, 123, 125, 126, 130, 143], "summary": {"covered_lines": 23, "num_statements": 26, "percent_covered": 88.46153846153847, "percent_covered_display": "88", "missing_lines": 3, "excluded_lines": 3}, "missing_lines": [63, 99, 127], "excluded_lines": [13, 14, 15]}}}, "src\\climasus4py\\core\\filter.py": {"executed_lines": [1, 6, 8, 10, 11, 12, 13, 14, 15, 23, 73, 74, 75, 76, 79, 80, 83, 84, 85, 87, 88, 89, 97, 98, 99, 100, 101, 119, 120, 125, 126, 127, 128, 129, 130, 131, 132, 135, 136, 141, 142, 143, 146, 147, 148, 149, 150, 151, 152, 160, 161, 162, 163, 164, 165, 166, 174, 175, 176, 177, 178, 179, 180, 188, 206], "summary": {"covered_lines": 64, "num_statements": 84, "percent_covered": 76.19047619047619, "percent_covered_display": "76", "missing_lines": 20, "excluded_lines": 0}, "missing_lines": [81, 82, 90, 106, 107, 111, 112, 121, 137, 154, 168, 182, 189, 190, 191, 192, 195, 196, 199, 201], "excluded_lines": [], "functions": {"sus_filter": {"executed_lines": [73, 74, 75, 76, 79, 80, 83, 84, 85, 87, 88, 89, 97, 98, 99, 100, 101, 119, 120, 125, 126, 127, 128, 129, 130, 131, 132, 135, 136, 141, 142, 143, 146, 147, 148, 149, 150, 151, 152, 160, 161, 162, 163, 164, 165, 166, 174, 175, 176, 177, 178, 179, 180, 188, 206], "summary": {"covered_lines": 55, "num_statements": 75, "percent_covered": 73.33333333333333, "percent_covered_display": "73", "missing_lines": 20, "excluded_lines": 0}, "missing_lines": [81, 82, 90, 106, 107, 111, 112, 121, 137, 154, 168, 182, 189, 190, 191, 192, 195, 196, 199, 201], "excluded_lines": []}, "": {"executed_lines": [1, 6, 8, 10, 11, 12, 13, 14, 15, 23], "summary": {"covered_lines": 9, "num_statements": 9, "percent_covered": 100.0, "percent_covered_display": "100", "missing_lines": 0, "excluded_lines": 0}, "missing_lines": [], "excluded_lines": []}}, "classes": {"": {"executed_lines": [1, 6, 8, 10, 11, 12, 13, 14, 15, 23, 73, 74, 75, 76, 79, 80, 83, 84, 85, 87, 88, 89, 97, 98, 99, 100, 101, 119, 120, 125, 126, 127, 128, 129, 130, 131, 132, 135, 136, 141, 142, 143, 146, 147, 148, 149, 150, 151, 152, 160, 161, 162, 163, 164, 165, 166, 174, 175, 176, 177, 178, 179, 180, 188, 206], "summary": {"covered_lines": 64, "num_statements": 84, "percent_covered": 76.19047619047619, "percent_covered_display": "76", "missing_lines": 20, "excluded_lines": 0}, "missing_lines": [81, 82, 90, 106, 107, 111, 112, 121, 137, 154, 168, 182, 189, 190, 191, 192, 195, 196, 199, 201], "excluded_lines": []}}}, "src\\climasus4py\\core\\importer.py": {"executed_lines": [1, 8, 10, 11, 12, 13, 14, 15, 16, 17, 18, 19, 21, 22, 23, 24, 25, 27, 28, 29, 36, 38, 39, 46, 47, 50, 51, 54, 61, 62, 63, 64, 66, 67, 68, 69, 71, 72, 78, 79, 82, 83, 84, 85, 93, 94, 95, 96, 98, 101, 102, 111, 113, 114, 115, 116, 117, 119, 120, 121, 122, 123, 125, 127, 130, 131, 134, 135, 136, 140, 141, 142, 143, 146, 147, 148, 151, 152, 153, 154, 161, 229, 242, 243, 244, 247, 251, 253, 254, 259, 262, 270, 288, 313, 366, 374, 394, 407, 416, 493, 494, 495, 496, 497, 499, 501, 509, 525, 526, 527, 528, 529, 530, 531, 532, 533, 534, 545, 591, 594, 595, 596, 597, 598], "summary": {"covered_lines": 123, "num_statements": 280, "percent_covered": 43.92857142857143, "percent_covered_display": "44", "missing_lines": 157, "excluded_lines": 0}, "missing_lines": [86, 87, 97, 126, 137, 144, 149, 168, 169, 170, 171, 172, 173, 174, 177, 178, 179, 180, 181, 182, 183, 186, 187, 188, 189, 190, 193, 194, 195, 196, 197, 200, 201, 202, 203, 204, 205, 206, 210, 211, 212, 213, 215, 231, 232, 233, 234, 235, 236, 237, 238, 239, 248, 255, 256, 263, 264, 265, 266, 267, 271, 272, 273, 274, 275, 276, 283, 284, 285, 295, 296, 297, 298, 299, 300, 301, 303, 305, 306, 307, 308, 310, 325, 327, 328, 336, 337, 338, 339, 341, 342, 343, 344, 345, 346, 347, 348, 351, 353, 354, 356, 357, 359, 378, 379, 381, 382, 384, 385, 387, 388, 389, 391, 396, 397, 398, 399, 400, 409, 503, 504, 505, 506, 507, 511, 512, 513, 514, 515, 517, 518, 519, 520, 521, 536, 546, 548, 549, 550, 554, 555, 557, 558, 559, 562, 563, 564, 565, 566, 567, 570, 571, 572, 576, 588, 589, 592], "excluded_lines": [], "functions": {"_datasus_date_cols": {"executed_lines": [47], "summary": {"covered_lines": 1, "num_statements": 1, "percent_covered": 100.0, "percent_covered_display": "100", "missing_lines": 0, "excluded_lines": 0}, "missing_lines": [], "excluded_lines": []}, "_datasus_numeric_cols": {"executed_lines": [51], "summary": {"covered_lines": 1, "num_statements": 1, "percent_covered": 100.0, "percent_covered_display": "100", "missing_lines": 0, "excluded_lines": 0}, "missing_lines": [], "excluded_lines": []}, "_coerce_datasus_types": {"executed_lines": [61, 62, 63, 64, 66, 67, 68, 69, 71, 72], "summary": {"covered_lines": 10, "num_statements": 10, "percent_covered": 100.0, "percent_covered_display": "100", "missing_lines": 0, "excluded_lines": 0}, "missing_lines": [], "excluded_lines": []}, "_datasus_sources": {"executed_lines": [79], "summary": {"covered_lines": 1, "num_statements": 1, "percent_covered": 100.0, "percent_covered_display": "100", "missing_lines": 0, "excluded_lines": 0}, "missing_lines": [], "excluded_lines": []}, "_system_source": {"executed_lines": [83, 84, 85], "summary": {"covered_lines": 3, "num_statements": 5, "percent_covered": 60.0, "percent_covered_display": "60", "missing_lines": 2, "excluded_lines": 0}, "missing_lines": [86, 87], "excluded_lines": []}, "_template_applies": {"executed_lines": [94, 95, 96, 98], "summary": {"covered_lines": 4, "num_statements": 5, "percent_covered": 80.0, "percent_covered_display": "80", "missing_lines": 1, "excluded_lines": 0}, "missing_lines": [97], "excluded_lines": []}, "_template_context": {"executed_lines": [102], "summary": {"covered_lines": 1, "num_statements": 1, "percent_covered": 100.0, "percent_covered_display": "100", "missing_lines": 0, "excluded_lines": 0}, "missing_lines": [], "excluded_lines": []}, "_build_urls": {"executed_lines": [113, 114, 115, 116, 117, 119, 120, 121, 122, 123, 125, 127], "summary": {"covered_lines": 12, "num_statements": 13, "percent_covered": 92.3076923076923, "percent_covered_display": "92", "missing_lines": 1, "excluded_lines": 0}, "missing_lines": [126], "excluded_lines": []}, "_geographic_scope": {"executed_lines": [131], "summary": {"covered_lines": 1, "num_statements": 1, "percent_covered": 100.0, "percent_covered_display": "100", "missing_lines": 0, "excluded_lines": 0}, "missing_lines": [], "excluded_lines": []}, "_cache_partition_id": {"executed_lines": [135, 136], "summary": {"covered_lines": 2, "num_statements": 3, "percent_covered": 66.66666666666667, "percent_covered_display": "67", "missing_lines": 1, "excluded_lines": 0}, "missing_lines": [137], "excluded_lines": []}, "_state_filter_expression": {"executed_lines": [141, 142, 143, 146, 147, 148, 151, 152, 153, 154], "summary": {"covered_lines": 10, "num_statements": 12, "percent_covered": 83.33333333333333, "percent_covered_display": "83", "missing_lines": 2, "excluded_lines": 0}, "missing_lines": [144, 149], "excluded_lines": []}, "_read_dbc": {"executed_lines": [], "summary": {"covered_lines": 0, "num_statements": 36, "percent_covered": 0.0, "percent_covered_display": "0", "missing_lines": 36, "excluded_lines": 0}, "missing_lines": [168, 169, 170, 171, 172, 173, 174, 177, 178, 179, 180, 181, 182, 183, 186, 187, 188, 189, 190, 193, 194, 195, 196, 197, 200, 201, 202, 203, 204, 205, 206, 210, 211, 212, 213, 215], "excluded_lines": []}, "_download_ftp": {"executed_lines": [], "summary": {"covered_lines": 0, "num_statements": 9, "percent_covered": 0.0, "percent_covered_display": "0", "missing_lines": 9, "excluded_lines": 0}, "missing_lines": [231, 232, 233, 234, 235, 236, 237, 238, 239], "excluded_lines": []}, "_raw_cache_path": {"executed_lines": [243, 244, 247, 251, 253, 254, 259], "summary": {"covered_lines": 7, "num_statements": 10, "percent_covered": 70.0, "percent_covered_display": "70", "missing_lines": 3, "excluded_lines": 0}, "missing_lines": [248, 255, 256], "excluded_lines": []}, "_file_md5": {"executed_lines": [], "summary": {"covered_lines": 0, "num_statements": 5, "percent_covered": 0.0, "percent_covered_display": "0", "missing_lines": 5, "excluded_lines": 0}, "missing_lines": [263, 264, 265, 266, 267], "excluded_lines": []}, "_append_raw_manifest": {"executed_lines": [], "summary": {"covered_lines": 0, "num_statements": 9, "percent_covered": 0.0, "percent_covered_display": "0", "missing_lines": 9, "excluded_lines": 0}, "missing_lines": [271, 272, 273, 274, 275, 276, 283, 284, 285], "excluded_lines": []}, "_resolve_dbc_path": {"executed_lines": [], "summary": {"covered_lines": 0, "num_statements": 13, "percent_covered": 0.0, "percent_covered_display": "0", "missing_lines": 13, "excluded_lines": 0}, "missing_lines": [295, 296, 297, 298, 299, 300, 301, 303, 305, 306, 307, 308, 310], "excluded_lines": []}, "_download_and_cache": {"executed_lines": [], "summary": {"covered_lines": 0, "num_statements": 21, "percent_covered": 0.0, "percent_covered_display": "0", "missing_lines": 21, "excluded_lines": 0}, "missing_lines": [325, 327, 328, 336, 337, 338, 339, 341, 342, 343, 344, 345, 346, 347, 348, 351, 353, 354, 356, 357, 359], "excluded_lines": []}, "_download_pysus": {"executed_lines": [], "summary": {"covered_lines": 0, "num_statements": 10, "percent_covered": 0.0, "percent_covered_display": "0", "missing_lines": 10, "excluded_lines": 0}, "missing_lines": [378, 379, 381, 382, 384, 385, 387, 388, 389, 391], "excluded_lines": []}, "_pysus_available": {"executed_lines": [], "summary": {"covered_lines": 0, "num_statements": 5, "percent_covered": 0.0, "percent_covered_display": "0", "missing_lines": 5, "excluded_lines": 0}, "missing_lines": [396, 397, 398, 399, 400], "excluded_lines": []}, "_aria2c_available": {"executed_lines": [], "summary": {"covered_lines": 0, "num_statements": 1, "percent_covered": 0.0, "percent_covered_display": "0", "missing_lines": 1, "excluded_lines": 0}, "missing_lines": [409], "excluded_lines": []}, "sus_import": {"executed_lines": [493, 494, 495, 496, 497, 499, 501, 509, 525, 526, 527, 528, 529, 530, 531, 532, 533, 534, 545, 591, 594, 595, 596, 597, 598], "summary": {"covered_lines": 25, "num_statements": 63, "percent_covered": 39.682539682539684, "percent_covered_display": "40", "missing_lines": 38, "excluded_lines": 0}, "missing_lines": [503, 504, 505, 506, 507, 511, 512, 513, 514, 515, 517, 518, 519, 520, 521, 536, 546, 548, 549, 550, 554, 555, 557, 558, 559, 562, 563, 564, 565, 566, 567, 570, 571, 572, 576, 588, 589, 592], "excluded_lines": []}, "": {"executed_lines": [1, 8, 10, 11, 12, 13, 14, 15, 16, 17, 18, 19, 21, 22, 23, 24, 25, 27, 28, 29, 36, 38, 39, 46, 50, 54, 78, 82, 93, 101, 111, 130, 134, 140, 161, 229, 242, 262, 270, 288, 313, 366, 374, 394, 407, 416], "summary": {"covered_lines": 45, "num_statements": 45, "percent_covered": 100.0, "percent_covered_display": "100", "missing_lines": 0, "excluded_lines": 0}, "missing_lines": [], "excluded_lines": []}}, "classes": {"": {"executed_lines": [1, 8, 10, 11, 12, 13, 14, 15, 16, 17, 18, 19, 21, 22, 23, 24, 25, 27, 28, 29, 36, 38, 39, 46, 47, 50, 51, 54, 61, 62, 63, 64, 66, 67, 68, 69, 71, 72, 78, 79, 82, 83, 84, 85, 93, 94, 95, 96, 98, 101, 102, 111, 113, 114, 115, 116, 117, 119, 120, 121, 122, 123, 125, 127, 130, 131, 134, 135, 136, 140, 141, 142, 143, 146, 147, 148, 151, 152, 153, 154, 161, 229, 242, 243, 244, 247, 251, 253, 254, 259, 262, 270, 288, 313, 366, 374, 394, 407, 416, 493, 494, 495, 496, 497, 499, 501, 509, 525, 526, 527, 528, 529, 530, 531, 532, 533, 534, 545, 591, 594, 595, 596, 597, 598], "summary": {"covered_lines": 123, "num_statements": 280, "percent_covered": 43.92857142857143, "percent_covered_display": "44", "missing_lines": 157, "excluded_lines": 0}, "missing_lines": [86, 87, 97, 126, 137, 144, 149, 168, 169, 170, 171, 172, 173, 174, 177, 178, 179, 180, 181, 182, 183, 186, 187, 188, 189, 190, 193, 194, 195, 196, 197, 200, 201, 202, 203, 204, 205, 206, 210, 211, 212, 213, 215, 231, 232, 233, 234, 235, 236, 237, 238, 239, 248, 255, 256, 263, 264, 265, 266, 267, 271, 272, 273, 274, 275, 276, 283, 284, 285, 295, 296, 297, 298, 299, 300, 301, 303, 305, 306, 307, 308, 310, 325, 327, 328, 336, 337, 338, 339, 341, 342, 343, 344, 345, 346, 347, 348, 351, 353, 354, 356, 357, 359, 378, 379, 381, 382, 384, 385, 387, 388, 389, 391, 396, 397, 398, 399, 400, 409, 503, 504, 505, 506, 507, 511, 512, 513, 514, 515, 517, 518, 519, 520, 521, 536, 546, 548, 549, 550, 554, 555, 557, 558, 559, 562, 563, 564, 565, 566, 567, 570, 571, 572, 576, 588, 589, 592], "excluded_lines": []}}}, "src\\climasus4py\\core\\pipeline.py": {"executed_lines": [1, 6, 8, 9, 10, 12, 14, 15, 16, 17, 18, 19, 20, 21, 22, 28, 37, 51, 67, 164], "summary": {"covered_lines": 19, "num_statements": 99, "percent_covered": 19.19191919191919, "percent_covered_display": "19", "missing_lines": 80, "excluded_lines": 0}, "missing_lines": [44, 45, 46, 47, 48, 53, 54, 79, 80, 87, 90, 91, 93, 94, 95, 96, 99, 100, 101, 102, 103, 105, 106, 107, 108, 110, 113, 114, 116, 119, 120, 121, 122, 123, 124, 125, 126, 129, 130, 131, 132, 133, 134, 135, 136, 137, 138, 141, 142, 144, 146, 156, 229, 232, 235, 237, 239, 240, 241, 242, 247, 249, 250, 253, 254, 255, 256, 257, 258, 259, 260, 261, 267, 268, 269, 270, 271, 273, 274, 276], "excluded_lines": [], "functions": {"_can_fast_path": {"executed_lines": [], "summary": {"covered_lines": 0, "num_statements": 5, "percent_covered": 0.0, "percent_covered_display": "0", "missing_lines": 5, "excluded_lines": 0}, "missing_lines": [44, 45, 46, 47, 48], "excluded_lines": []}, "_date_parse_sql": {"executed_lines": [], "summary": {"covered_lines": 0, "num_statements": 2, "percent_covered": 0.0, "percent_covered_display": "0", "missing_lines": 2, "excluded_lines": 0}, "missing_lines": [53, 54], "excluded_lines": []}, "_build_fast_sql": {"executed_lines": [], "summary": {"covered_lines": 0, "num_statements": 45, "percent_covered": 0.0, "percent_covered_display": "0", "missing_lines": 45, "excluded_lines": 0}, "missing_lines": [79, 80, 87, 90, 91, 93, 94, 95, 96, 99, 100, 101, 102, 103, 105, 106, 107, 108, 110, 113, 114, 116, 119, 120, 121, 122, 123, 124, 125, 126, 129, 130, 131, 132, 133, 134, 135, 136, 137, 138, 141, 142, 144, 146, 156], "excluded_lines": []}, "sus_pipeline": {"executed_lines": [], "summary": {"covered_lines": 0, "num_statements": 28, "percent_covered": 0.0, "percent_covered_display": "0", "missing_lines": 28, "excluded_lines": 0}, "missing_lines": [229, 232, 235, 237, 239, 240, 241, 242, 247, 249, 250, 253, 254, 255, 256, 257, 258, 259, 260, 261, 267, 268, 269, 270, 271, 273, 274, 276], "excluded_lines": []}, "": {"executed_lines": [1, 6, 8, 9, 10, 12, 14, 15, 16, 17, 18, 19, 20, 21, 22, 28, 37, 51, 67, 164], "summary": {"covered_lines": 19, "num_statements": 19, "percent_covered": 100.0, "percent_covered_display": "100", "missing_lines": 0, "excluded_lines": 0}, "missing_lines": [], "excluded_lines": []}}, "classes": {"": {"executed_lines": [1, 6, 8, 9, 10, 12, 14, 15, 16, 17, 18, 19, 20, 21, 22, 28, 37, 51, 67, 164], "summary": {"covered_lines": 19, "num_statements": 99, "percent_covered": 19.19191919191919, "percent_covered_display": "19", "missing_lines": 80, "excluded_lines": 0}, "missing_lines": [44, 45, 46, 47, 48, 53, 54, 79, 80, 87, 90, 91, 93, 94, 95, 96, 99, 100, 101, 102, 103, 105, 106, 107, 108, 110, 113, 114, 116, 119, 120, 121, 122, 123, 124, 125, 126, 129, 130, 131, 132, 133, 134, 135, 136, 137, 138, 141, 142, 144, 146, 156, 229, 232, 235, 237, 239, 240, 241, 242, 247, 249, 250, 253, 254, 255, 256, 257, 258, 259, 260, 261, 267, 268, 269, 270, 271, 273, 274, 276], "excluded_lines": []}}}, "src\\climasus4py\\core\\standardize.py": {"executed_lines": [1, 6, 8, 10, 11, 12, 13, 16, 18, 19, 21, 22, 24, 25, 26, 27, 28, 31, 38, 39, 40, 42, 45, 46, 48, 49, 50, 51, 52, 54, 55, 56, 60, 61, 71, 72, 73, 87, 88], "summary": {"covered_lines": 38, "num_statements": 39, "percent_covered": 97.43589743589743, "percent_covered_display": "97", "missing_lines": 1, "excluded_lines": 0}, "missing_lines": [43], "excluded_lines": [], "functions": {"_load_column_dict": {"executed_lines": [18, 19, 21, 22, 24, 25, 26, 27, 28], "summary": {"covered_lines": 9, "num_statements": 9, "percent_covered": 100.0, "percent_covered_display": "100", "missing_lines": 0, "excluded_lines": 0}, "missing_lines": [], "excluded_lines": []}, "sus_standardize": {"executed_lines": [38, 39, 40, 42, 45, 46, 48, 49, 50, 51, 52, 54, 55, 56, 60, 61, 71, 72, 73, 87, 88], "summary": {"covered_lines": 21, "num_statements": 22, "percent_covered": 95.45454545454545, "percent_covered_display": "95", "missing_lines": 1, "excluded_lines": 0}, "missing_lines": [43], "excluded_lines": []}, "": {"executed_lines": [1, 6, 8, 10, 11, 12, 13, 16, 31], "summary": {"covered_lines": 8, "num_statements": 8, "percent_covered": 100.0, "percent_covered_display": "100", "missing_lines": 0, "excluded_lines": 0}, "missing_lines": [], "excluded_lines": []}}, "classes": {"": {"executed_lines": [1, 6, 8, 10, 11, 12, 13, 16, 18, 19, 21, 22, 24, 25, 26, 27, 28, 31, 38, 39, 40, 42, 45, 46, 48, 49, 50, 51, 52, 54, 55, 56, 60, 61, 71, 72, 73, 87, 88], "summary": {"covered_lines": 38, "num_statements": 39, "percent_covered": 97.43589743589743, "percent_covered_display": "97", "missing_lines": 1, "excluded_lines": 0}, "missing_lines": [43], "excluded_lines": []}}}, "src\\climasus4py\\core\\sus_sql.py": {"executed_lines": [1, 3, 5, 7, 8, 9, 10, 13, 14, 17, 18, 20, 23, 26, 35, 37, 38, 40, 41, 44, 45, 46, 47], "summary": {"covered_lines": 22, "num_statements": 24, "percent_covered": 91.66666666666667, "percent_covered_display": "92", "missing_lines": 2, "excluded_lines": 0}, "missing_lines": [15, 42], "excluded_lines": [], "functions": {"_install_pipe": {"executed_lines": [14, 17, 20], "summary": {"covered_lines": 3, "num_statements": 4, "percent_covered": 75.0, "percent_covered_display": "75", "missing_lines": 1, "excluded_lines": 0}, "missing_lines": [15], "excluded_lines": []}, "_install_pipe.pipe": {"executed_lines": [18], "summary": {"covered_lines": 1, "num_statements": 1, "percent_covered": 100.0, "percent_covered_display": "100", "missing_lines": 0, "excluded_lines": 0}, "missing_lines": [], "excluded_lines": []}, "sus_sql": {"executed_lines": [35, 37, 38, 40, 41, 44, 45, 46, 47], "summary": {"covered_lines": 9, "num_statements": 10, "percent_covered": 90.0, "percent_covered_display": "90", "missing_lines": 1, "excluded_lines": 0}, "missing_lines": [42], "excluded_lines": []}, "": {"executed_lines": [1, 3, 5, 7, 8, 9, 10, 13, 23, 26], "summary": {"covered_lines": 9, "num_statements": 9, "percent_covered": 100.0, "percent_covered_display": "100", "missing_lines": 0, "excluded_lines": 0}, "missing_lines": [], "excluded_lines": []}}, "classes": {"": {"executed_lines": [1, 3, 5, 7, 8, 9, 10, 13, 14, 17, 18, 20, 23, 26, 35, 37, 38, 40, 41, 44, 45, 46, 47], "summary": {"covered_lines": 22, "num_statements": 24, "percent_covered": 91.66666666666667, "percent_covered_display": "92", "missing_lines": 2, "excluded_lines": 0}, "missing_lines": [15, 42], "excluded_lines": []}}}, "src\\climasus4py\\core\\variables.py": {"executed_lines": [1, 6, 8, 10, 11, 12, 13, 15, 23, 42, 44, 45, 46, 47, 53, 55, 56, 57, 58, 64, 66, 67, 68, 69, 70, 71, 74, 76, 77, 78, 79, 81, 82, 83, 84, 85, 89, 92, 104, 105, 106, 107, 109, 110, 115, 116, 117, 119, 121, 122, 123, 124, 125, 126, 127, 131, 132, 134, 135, 136, 137, 141, 142, 144, 148, 152, 154, 155, 157, 158, 160, 161, 163, 164, 166, 167, 168], "summary": {"covered_lines": 76, "num_statements": 83, "percent_covered": 91.56626506024097, "percent_covered_display": "92", "missing_lines": 7, "excluded_lines": 0}, "missing_lines": [48, 49, 50, 59, 60, 61, 111], "excluded_lines": [], "functions": {"_age_groups_config": {"executed_lines": [44, 45, 46, 47], "summary": {"covered_lines": 4, "num_statements": 7, "percent_covered": 57.142857142857146, "percent_covered_display": "57", "missing_lines": 3, "excluded_lines": 0}, "missing_lines": [48, 49, 50], "excluded_lines": []}, "_seasonal_patterns_config": {"executed_lines": [55, 56, 57, 58], "summary": {"covered_lines": 4, "num_statements": 7, "percent_covered": 57.142857142857146, "percent_covered_display": "57", "missing_lines": 3, "excluded_lines": 0}, "missing_lines": [59, 60, 61], "excluded_lines": []}, "_age_breaks_for_preset": {"executed_lines": [66, 67, 68, 69, 70, 71], "summary": {"covered_lines": 6, "num_statements": 6, "percent_covered": 100.0, "percent_covered_display": "100", "missing_lines": 0, "excluded_lines": 0}, "missing_lines": [], "excluded_lines": []}, "_season_case_sql": {"executed_lines": [76, 77, 78, 79, 81, 82, 83, 84, 85, 89], "summary": {"covered_lines": 10, "num_statements": 10, "percent_covered": 100.0, "percent_covered_display": "100", "missing_lines": 0, "excluded_lines": 0}, "missing_lines": [], "excluded_lines": []}, "sus_variables": {"executed_lines": [104, 105, 106, 107, 109, 110, 115, 116, 117, 119, 121, 122, 123, 124, 125, 126, 127, 131, 132, 134, 135, 136, 137, 141, 142, 144, 148, 152, 154, 155, 157, 158, 160, 161, 163, 164, 166, 167, 168], "summary": {"covered_lines": 39, "num_statements": 40, "percent_covered": 97.5, "percent_covered_display": "98", "missing_lines": 1, "excluded_lines": 0}, "missing_lines": [111], "excluded_lines": []}, "": {"executed_lines": [1, 6, 8, 10, 11, 12, 13, 15, 23, 42, 53, 64, 74, 92], "summary": {"covered_lines": 13, "num_statements": 13, "percent_covered": 100.0, "percent_covered_display": "100", "missing_lines": 0, "excluded_lines": 0}, "missing_lines": [], "excluded_lines": []}}, "classes": {"": {"executed_lines": [1, 6, 8, 10, 11, 12, 13, 15, 23, 42, 44, 45, 46, 47, 53, 55, 56, 57, 58, 64, 66, 67, 68, 69, 70, 71, 74, 76, 77, 78, 79, 81, 82, 83, 84, 85, 89, 92, 104, 105, 106, 107, 109, 110, 115, 116, 117, 119, 121, 122, 123, 124, 125, 126, 127, 131, 132, 134, 135, 136, 137, 141, 142, 144, 148, 152, 154, 155, 157, 158, 160, 161, 163, 164, 166, 167, 168], "summary": {"covered_lines": 76, "num_statements": 83, "percent_covered": 91.56626506024097, "percent_covered_display": "92", "missing_lines": 7, "excluded_lines": 0}, "missing_lines": [48, 49, 50, 59, 60, 61, 111], "excluded_lines": []}}}, "src\\climasus4py\\enrichment\\__init__.py": {"executed_lines": [1, 3, 4, 5, 6, 8], "summary": {"covered_lines": 5, "num_statements": 5, "percent_covered": 100.0, "percent_covered_display": "100", "missing_lines": 0, "excluded_lines": 0}, "missing_lines": [], "excluded_lines": [], "functions": {"": {"executed_lines": [1, 3, 4, 5, 6, 8], "summary": {"covered_lines": 5, "num_statements": 5, "percent_covered": 100.0, "percent_covered_display": "100", "missing_lines": 0, "excluded_lines": 0}, "missing_lines": [], "excluded_lines": []}}, "classes": {"": {"executed_lines": [1, 3, 4, 5, 6, 8], "summary": {"covered_lines": 5, "num_statements": 5, "percent_covered": 100.0, "percent_covered_display": "100", "missing_lines": 0, "excluded_lines": 0}, "missing_lines": [], "excluded_lines": []}}}, "src\\climasus4py\\enrichment\\census.py": {"executed_lines": [1, 3, 5, 6, 8, 10, 11, 12, 13, 14, 17, 24, 25, 27, 28, 34, 35, 37, 38, 39, 42, 45, 46, 51, 52, 53, 54, 61, 64, 65, 66, 69, 70], "summary": {"covered_lines": 32, "num_statements": 36, "percent_covered": 88.88888888888889, "percent_covered_display": "89", "missing_lines": 4, "excluded_lines": 0}, "missing_lines": [29, 40, 47, 71], "excluded_lines": [], "functions": {"sus_census": {"executed_lines": [24, 25, 27, 28, 34, 35, 37, 38, 39, 42, 45, 46, 51, 52, 53, 54, 61], "summary": {"covered_lines": 17, "num_statements": 20, "percent_covered": 85.0, "percent_covered_display": "85", "missing_lines": 3, "excluded_lines": 0}, "missing_lines": [29, 40, 47], "excluded_lines": []}, "_read_columns": {"executed_lines": [65, 66], "summary": {"covered_lines": 2, "num_statements": 2, "percent_covered": 100.0, "percent_covered_display": "100", "missing_lines": 0, "excluded_lines": 0}, "missing_lines": [], "excluded_lines": []}, "_require_auxiliary": {"executed_lines": [70], "summary": {"covered_lines": 1, "num_statements": 2, "percent_covered": 50.0, "percent_covered_display": "50", "missing_lines": 1, "excluded_lines": 0}, "missing_lines": [71], "excluded_lines": []}, "": {"executed_lines": [1, 3, 5, 6, 8, 10, 11, 12, 13, 14, 17, 64, 69], "summary": {"covered_lines": 12, "num_statements": 12, "percent_covered": 100.0, "percent_covered_display": "100", "missing_lines": 0, "excluded_lines": 0}, "missing_lines": [], "excluded_lines": []}}, "classes": {"": {"executed_lines": [1, 3, 5, 6, 8, 10, 11, 12, 13, 14, 17, 24, 25, 27, 28, 34, 35, 37, 38, 39, 42, 45, 46, 51, 52, 53, 54, 61, 64, 65, 66, 69, 70], "summary": {"covered_lines": 32, "num_statements": 36, "percent_covered": 88.88888888888889, "percent_covered_display": "89", "missing_lines": 4, "excluded_lines": 0}, "missing_lines": [29, 40, 47, 71], "excluded_lines": []}}}, "src\\climasus4py\\enrichment\\climate.py": {"executed_lines": [1, 3, 5, 6, 8, 10, 11, 12, 13, 14, 16, 19, 28, 29, 31, 32, 33, 39, 40, 42, 43, 44, 45, 46, 54, 65, 66, 70, 71, 73, 82, 91, 92, 99, 100, 111, 114, 125, 126, 127, 128, 132, 133, 135, 147, 150, 174, 203, 204, 205, 206, 209, 210, 216, 219, 220, 225, 230, 231, 232, 233, 237, 238], "summary": {"covered_lines": 62, "num_statements": 84, "percent_covered": 73.80952380952381, "percent_covered_display": "74", "missing_lines": 22, "excluded_lines": 0}, "missing_lines": [34, 49, 74, 101, 134, 159, 160, 161, 171, 185, 186, 187, 188, 189, 190, 191, 200, 208, 211, 212, 234, 239], "excluded_lines": [], "functions": {"sus_climate": {"executed_lines": [28, 29, 31, 32, 33, 39, 40, 42, 43, 44, 45, 46], "summary": {"covered_lines": 12, "num_statements": 14, "percent_covered": 85.71428571428571, "percent_covered_display": "86", "missing_lines": 2, "excluded_lines": 0}, "missing_lines": [34, 49], "excluded_lines": []}, "_validate_date_column_granularity": {"executed_lines": [65, 66, 70, 71, 73], "summary": {"covered_lines": 5, "num_statements": 6, "percent_covered": 83.33333333333333, "percent_covered_display": "83", "missing_lines": 1, "excluded_lines": 0}, "missing_lines": [74], "excluded_lines": []}, "_sus_climate_idw": {"executed_lines": [91, 92, 99, 100, 111], "summary": {"covered_lines": 5, "num_statements": 6, "percent_covered": 83.33333333333333, "percent_covered_display": "83", "missing_lines": 1, "excluded_lines": 0}, "missing_lines": [101], "excluded_lines": []}, "_join_idw": {"executed_lines": [125, 126, 127, 128, 132, 133, 135, 147], "summary": {"covered_lines": 8, "num_statements": 9, "percent_covered": 88.88888888888889, "percent_covered_display": "89", "missing_lines": 1, "excluded_lines": 0}, "missing_lines": [134], "excluded_lines": []}, "_sus_climate_direct": {"executed_lines": [], "summary": {"covered_lines": 0, "num_statements": 4, "percent_covered": 0.0, "percent_covered_display": "0", "missing_lines": 4, "excluded_lines": 0}, "missing_lines": [159, 160, 161, 171], "excluded_lines": []}, "_join_direct": {"executed_lines": [], "summary": {"covered_lines": 0, "num_statements": 8, "percent_covered": 0.0, "percent_covered_display": "0", "missing_lines": 8, "excluded_lines": 0}, "missing_lines": [185, 186, 187, 188, 189, 190, 191, 200], "excluded_lines": []}, "_resolve_observation_paths": {"executed_lines": [204, 205, 206, 209, 210, 216], "summary": {"covered_lines": 6, "num_statements": 9, "percent_covered": 66.66666666666667, "percent_covered_display": "67", "missing_lines": 3, "excluded_lines": 0}, "missing_lines": [208, 211, 212], "excluded_lines": []}, "_obs_union_sql": {"executed_lines": [220], "summary": {"covered_lines": 1, "num_statements": 1, "percent_covered": 100.0, "percent_covered_display": "100", "missing_lines": 0, "excluded_lines": 0}, "missing_lines": [], "excluded_lines": []}, "_validate_observation_columns": {"executed_lines": [230, 231, 232, 233], "summary": {"covered_lines": 4, "num_statements": 5, "percent_covered": 80.0, "percent_covered_display": "80", "missing_lines": 1, "excluded_lines": 0}, "missing_lines": [234], "excluded_lines": []}, "_require_auxiliary": {"executed_lines": [238], "summary": {"covered_lines": 1, "num_statements": 2, "percent_covered": 50.0, "percent_covered_display": "50", "missing_lines": 1, "excluded_lines": 0}, "missing_lines": [239], "excluded_lines": []}, "": {"executed_lines": [1, 3, 5, 6, 8, 10, 11, 12, 13, 14, 16, 19, 54, 82, 114, 150, 174, 203, 219, 225, 237], "summary": {"covered_lines": 20, "num_statements": 20, "percent_covered": 100.0, "percent_covered_display": "100", "missing_lines": 0, "excluded_lines": 0}, "missing_lines": [], "excluded_lines": []}}, "classes": {"": {"executed_lines": [1, 3, 5, 6, 8, 10, 11, 12, 13, 14, 16, 19, 28, 29, 31, 32, 33, 39, 40, 42, 43, 44, 45, 46, 54, 65, 66, 70, 71, 73, 82, 91, 92, 99, 100, 111, 114, 125, 126, 127, 128, 132, 133, 135, 147, 150, 174, 203, 204, 205, 206, 209, 210, 216, 219, 220, 225, 230, 231, 232, 233, 237, 238], "summary": {"covered_lines": 62, "num_statements": 84, "percent_covered": 73.80952380952381, "percent_covered_display": "74", "missing_lines": 22, "excluded_lines": 0}, "missing_lines": [34, 49, 74, 101, 134, 159, 160, 161, 171, 185, 186, 187, 188, 189, 190, 191, 200, 208, 211, 212, 234, 239], "excluded_lines": []}}}, "src\\climasus4py\\enrichment\\fill_gaps.py": {"executed_lines": [1, 3, 5, 6, 8, 9, 11, 12, 13, 14, 17, 27, 28, 30, 35, 38, 39, 40, 41, 42, 43, 47, 50, 55, 56, 57, 58, 59, 60, 61, 62, 65, 71, 72, 73, 74, 75, 76, 83, 84, 87, 93, 94, 95, 96, 97, 98, 99, 100, 124, 128, 132, 140, 141, 142, 143, 152, 155, 163, 164, 170, 171, 172, 173, 195, 198, 199, 200, 201, 202], "summary": {"covered_lines": 69, "num_statements": 90, "percent_covered": 76.66666666666667, "percent_covered_display": "77", "missing_lines": 21, "excluded_lines": 0}, "missing_lines": [36, 177, 178, 179, 180, 181, 182, 183, 184, 185, 186, 187, 188, 189, 190, 191, 192, 193, 194, 203, 204], "excluded_lines": [], "functions": {"sus_fill_gaps": {"executed_lines": [27, 28, 30, 35, 38, 39, 40, 41, 42, 43, 47], "summary": {"covered_lines": 11, "num_statements": 12, "percent_covered": 91.66666666666667, "percent_covered_display": "92", "missing_lines": 1, "excluded_lines": 0}, "missing_lines": [36], "excluded_lines": []}, "_detect_numeric_columns": {"executed_lines": [55, 56, 57, 58, 59, 60, 61, 62], "summary": {"covered_lines": 8, "num_statements": 8, "percent_covered": 100.0, "percent_covered_display": "100", "missing_lines": 0, "excluded_lines": 0}, "missing_lines": [], "excluded_lines": []}, "_fill_locf_lazy": {"executed_lines": [71, 72, 73, 74, 75, 76, 83, 84], "summary": {"covered_lines": 8, "num_statements": 8, "percent_covered": 100.0, "percent_covered_display": "100", "missing_lines": 0, "excluded_lines": 0}, "missing_lines": [], "excluded_lines": []}, "_fill_linear_lazy": {"executed_lines": [93, 94, 95, 96, 97, 98, 99, 100, 124, 128, 132, 140, 141, 142, 143, 152], "summary": {"covered_lines": 16, "num_statements": 16, "percent_covered": 100.0, "percent_covered_display": "100", "missing_lines": 0, "excluded_lines": 0}, "missing_lines": [], "excluded_lines": []}, "_fill_opt_in_materialized": {"executed_lines": [163, 164, 170, 171, 172, 173, 195], "summary": {"covered_lines": 7, "num_statements": 25, "percent_covered": 28.0, "percent_covered_display": "28", "missing_lines": 18, "excluded_lines": 0}, "missing_lines": [177, 178, 179, 180, 181, 182, 183, 184, 185, 186, 187, 188, 189, 190, 191, 192, 193, 194], "excluded_lines": []}, "_interpolate_spline_or_linear": {"executed_lines": [199, 200, 201, 202], "summary": {"covered_lines": 4, "num_statements": 6, "percent_covered": 66.66666666666667, "percent_covered_display": "67", "missing_lines": 2, "excluded_lines": 0}, "missing_lines": [203, 204], "excluded_lines": []}, "": {"executed_lines": [1, 3, 5, 6, 8, 9, 11, 12, 13, 14, 17, 50, 65, 87, 155, 198], "summary": {"covered_lines": 15, "num_statements": 15, "percent_covered": 100.0, "percent_covered_display": "100", "missing_lines": 0, "excluded_lines": 0}, "missing_lines": [], "excluded_lines": []}}, "classes": {"": {"executed_lines": [1, 3, 5, 6, 8, 9, 11, 12, 13, 14, 17, 27, 28, 30, 35, 38, 39, 40, 41, 42, 43, 47, 50, 55, 56, 57, 58, 59, 60, 61, 62, 65, 71, 72, 73, 74, 75, 76, 83, 84, 87, 93, 94, 95, 96, 97, 98, 99, 100, 124, 128, 132, 140, 141, 142, 143, 152, 155, 163, 164, 170, 171, 172, 173, 195, 198, 199, 200, 201, 202], "summary": {"covered_lines": 69, "num_statements": 90, "percent_covered": 76.66666666666667, "percent_covered_display": "77", "missing_lines": 21, "excluded_lines": 0}, "missing_lines": [36, 177, 178, 179, 180, 181, 182, 183, 184, 185, 186, 187, 188, 189, 190, 191, 192, 193, 194, 203, 204], "excluded_lines": []}}}, "src\\climasus4py\\enrichment\\spatial.py": {"executed_lines": [1, 3, 5, 7, 9, 10, 11, 12, 13, 15, 25, 38, 39, 41, 42, 43, 44, 45, 48, 49, 50, 56, 57, 58, 59, 60, 67, 70, 71, 72, 77, 78, 85, 90, 91, 92, 93, 94], "summary": {"covered_lines": 37, "num_statements": 42, "percent_covered": 88.0952380952381, "percent_covered_display": "88", "missing_lines": 5, "excluded_lines": 0}, "missing_lines": [46, 51, 73, 74, 79], "excluded_lines": [], "functions": {"sus_spatial": {"executed_lines": [38, 39, 41, 42, 43, 44, 45, 48, 49, 50, 56, 57, 58, 59, 60, 67], "summary": {"covered_lines": 16, "num_statements": 18, "percent_covered": 88.88888888888889, "percent_covered_display": "89", "missing_lines": 2, "excluded_lines": 0}, "missing_lines": [46, 51], "excluded_lines": []}, "_asset_for_level": {"executed_lines": [71, 72], "summary": {"covered_lines": 2, "num_statements": 4, "percent_covered": 50.0, "percent_covered_display": "50", "missing_lines": 2, "excluded_lines": 0}, "missing_lines": [73, 74], "excluded_lines": []}, "_require_auxiliary": {"executed_lines": [78], "summary": {"covered_lines": 1, "num_statements": 2, "percent_covered": 50.0, "percent_covered_display": "50", "missing_lines": 1, "excluded_lines": 0}, "missing_lines": [79], "excluded_lines": []}, "_require_spatial_columns": {"executed_lines": [90, 91, 92, 93, 94], "summary": {"covered_lines": 5, "num_statements": 5, "percent_covered": 100.0, "percent_covered_display": "100", "missing_lines": 0, "excluded_lines": 0}, "missing_lines": [], "excluded_lines": []}, "": {"executed_lines": [1, 3, 5, 7, 9, 10, 11, 12, 13, 15, 25, 70, 77, 85], "summary": {"covered_lines": 13, "num_statements": 13, "percent_covered": 100.0, "percent_covered_display": "100", "missing_lines": 0, "excluded_lines": 0}, "missing_lines": [], "excluded_lines": []}}, "classes": {"": {"executed_lines": [1, 3, 5, 7, 9, 10, 11, 12, 13, 15, 25, 38, 39, 41, 42, 43, 44, 45, 48, 49, 50, 56, 57, 58, 59, 60, 67, 70, 71, 72, 77, 78, 85, 90, 91, 92, 93, 94], "summary": {"covered_lines": 37, "num_statements": 42, "percent_covered": 88.0952380952381, "percent_covered_display": "88", "missing_lines": 5, "excluded_lines": 0}, "missing_lines": [46, 51, 73, 74, 79], "excluded_lines": []}}}, "src\\climasus4py\\io\\__init__.py": {"executed_lines": [1, 3, 4, 5, 7], "summary": {"covered_lines": 4, "num_statements": 4, "percent_covered": 100.0, "percent_covered_display": "100", "missing_lines": 0, "excluded_lines": 0}, "missing_lines": [], "excluded_lines": [], "functions": {"": {"executed_lines": [1, 3, 4, 5, 7], "summary": {"covered_lines": 4, "num_statements": 4, "percent_covered": 100.0, "percent_covered_display": "100", "missing_lines": 0, "excluded_lines": 0}, "missing_lines": [], "excluded_lines": []}}, "classes": {"": {"executed_lines": [1, 3, 4, 5, 7], "summary": {"covered_lines": 4, "num_statements": 4, "percent_covered": 100.0, "percent_covered_display": "100", "missing_lines": 0, "excluded_lines": 0}, "missing_lines": [], "excluded_lines": []}}}, "src\\climasus4py\\io\\cache.py": {"executed_lines": [1, 6, 8, 9, 11, 13, 16, 36, 37, 39, 40, 41, 42, 49, 52, 82, 83, 85, 86, 88, 90, 91, 93, 94, 96, 102, 103, 105], "summary": {"covered_lines": 27, "num_statements": 31, "percent_covered": 87.09677419354838, "percent_covered_display": "87", "missing_lines": 4, "excluded_lines": 0}, "missing_lines": [97, 98, 99, 100], "excluded_lines": [], "functions": {"sus_cache_info": {"executed_lines": [36, 37, 39, 40, 41, 42, 49], "summary": {"covered_lines": 7, "num_statements": 7, "percent_covered": 100.0, "percent_covered_display": "100", "missing_lines": 0, "excluded_lines": 0}, "missing_lines": [], "excluded_lines": []}, "sus_cache_clear": {"executed_lines": [82, 83, 85, 86, 88, 90, 91, 93, 94, 96, 102, 103, 105], "summary": {"covered_lines": 13, "num_statements": 17, "percent_covered": 76.47058823529412, "percent_covered_display": "76", "missing_lines": 4, "excluded_lines": 0}, "missing_lines": [97, 98, 99, 100], "excluded_lines": []}, "": {"executed_lines": [1, 6, 8, 9, 11, 13, 16, 52], "summary": {"covered_lines": 7, "num_statements": 7, "percent_covered": 100.0, "percent_covered_display": "100", "missing_lines": 0, "excluded_lines": 0}, "missing_lines": [], "excluded_lines": []}}, "classes": {"": {"executed_lines": [1, 6, 8, 9, 11, 13, 16, 36, 37, 39, 40, 41, 42, 49, 52, 82, 83, 85, 86, 88, 90, 91, 93, 94, 96, 102, 103, 105], "summary": {"covered_lines": 27, "num_statements": 31, "percent_covered": 87.09677419354838, "percent_covered_display": "87", "missing_lines": 4, "excluded_lines": 0}, "missing_lines": [97, 98, 99, 100], "excluded_lines": []}}}, "src\\climasus4py\\io\\export.py": {"executed_lines": [1, 3, 5, 7, 9, 10, 13, 26, 27, 28, 30, 31, 33, 34, 36, 37, 38, 39, 40, 47, 49, 52, 54, 55, 56, 57, 58], "summary": {"covered_lines": 26, "num_statements": 32, "percent_covered": 81.25, "percent_covered_display": "81", "missing_lines": 6, "excluded_lines": 0}, "missing_lines": [41, 42, 43, 44, 45, 60], "excluded_lines": [], "functions": {"sus_export": {"executed_lines": [26, 27, 28, 30, 31, 33, 34, 36, 37, 38, 39, 40, 47, 49], "summary": {"covered_lines": 14, "num_statements": 19, "percent_covered": 73.6842105263158, "percent_covered_display": "74", "missing_lines": 5, "excluded_lines": 0}, "missing_lines": [41, 42, 43, 44, 45], "excluded_lines": []}, "_copy_to": {"executed_lines": [54, 55, 56, 57, 58], "summary": {"covered_lines": 5, "num_statements": 6, "percent_covered": 83.33333333333333, "percent_covered_display": "83", "missing_lines": 1, "excluded_lines": 0}, "missing_lines": [60], "excluded_lines": []}, "": {"executed_lines": [1, 3, 5, 7, 9, 10, 13, 52], "summary": {"covered_lines": 7, "num_statements": 7, "percent_covered": 100.0, "percent_covered_display": "100", "missing_lines": 0, "excluded_lines": 0}, "missing_lines": [], "excluded_lines": []}}, "classes": {"": {"executed_lines": [1, 3, 5, 7, 9, 10, 13, 26, 27, 28, 30, 31, 33, 34, 36, 37, 38, 39, 40, 47, 49, 52, 54, 55, 56, 57, 58], "summary": {"covered_lines": 26, "num_statements": 32, "percent_covered": 81.25, "percent_covered_display": "81", "missing_lines": 6, "excluded_lines": 0}, "missing_lines": [41, 42, 43, 44, 45, 60], "excluded_lines": []}}}, "src\\climasus4py\\io\\materialize.py": {"executed_lines": [1, 3, 5, 6, 8, 10, 12, 15, 22, 23, 25, 26, 28, 29, 30, 31, 32, 58, 59, 60], "summary": {"covered_lines": 19, "num_statements": 49, "percent_covered": 38.775510204081634, "percent_covered_display": "39", "missing_lines": 30, "excluded_lines": 0}, "missing_lines": [33, 34, 35, 36, 37, 38, 39, 40, 41, 42, 43, 44, 45, 46, 47, 48, 49, 55, 61, 62, 63, 64, 66, 67, 68, 69, 70, 71, 76, 80], "excluded_lines": [], "functions": {"materialize": {"executed_lines": [22, 23, 25, 26, 28, 29, 30, 31, 32], "summary": {"covered_lines": 9, "num_statements": 27, "percent_covered": 33.333333333333336, "percent_covered_display": "33", "missing_lines": 18, "excluded_lines": 0}, "missing_lines": [33, 34, 35, 36, 37, 38, 39, 40, 41, 42, 43, 44, 45, 46, 47, 48, 49, 55], "excluded_lines": []}, "_warn_size": {"executed_lines": [59, 60], "summary": {"covered_lines": 2, "num_statements": 14, "percent_covered": 14.285714285714286, "percent_covered_display": "14", "missing_lines": 12, "excluded_lines": 0}, "missing_lines": [61, 62, 63, 64, 66, 67, 68, 69, 70, 71, 76, 80], "excluded_lines": []}, "": {"executed_lines": [1, 3, 5, 6, 8, 10, 12, 15, 58], "summary": {"covered_lines": 8, "num_statements": 8, "percent_covered": 100.0, "percent_covered_display": "100", "missing_lines": 0, "excluded_lines": 0}, "missing_lines": [], "excluded_lines": []}}, "classes": {"": {"executed_lines": [1, 3, 5, 6, 8, 10, 12, 15, 22, 23, 25, 26, 28, 29, 30, 31, 32, 58, 59, 60], "summary": {"covered_lines": 19, "num_statements": 49, "percent_covered": 38.775510204081634, "percent_covered_display": "39", "missing_lines": 30, "excluded_lines": 0}, "missing_lines": [33, 34, 35, 36, 37, 38, 39, 40, 41, 42, 43, 44, 45, 46, 47, 48, 49, 55, 61, 62, 63, 64, 66, 67, 68, 69, 70, 71, 76, 80], "excluded_lines": []}}}, "src\\climasus4py\\io\\read.py": {"executed_lines": [1, 3, 5, 6, 8, 10, 11, 14, 21, 22, 25, 26, 29, 30, 31, 32, 33, 38, 39, 40, 41, 44], "summary": {"covered_lines": 21, "num_statements": 24, "percent_covered": 87.5, "percent_covered_display": "88", "missing_lines": 3, "excluded_lines": 0}, "missing_lines": [23, 27, 43], "excluded_lines": [], "functions": {"sus_read": {"executed_lines": [21, 22, 25, 26, 29, 30, 31, 32, 33, 38, 39, 40, 41, 44], "summary": {"covered_lines": 14, "num_statements": 17, "percent_covered": 82.3529411764706, "percent_covered_display": "82", "missing_lines": 3, "excluded_lines": 0}, "missing_lines": [23, 27, 43], "excluded_lines": []}, "": {"executed_lines": [1, 3, 5, 6, 8, 10, 11, 14], "summary": {"covered_lines": 7, "num_statements": 7, "percent_covered": 100.0, "percent_covered_display": "100", "missing_lines": 0, "excluded_lines": 0}, "missing_lines": [], "excluded_lines": []}}, "classes": {"": {"executed_lines": [1, 3, 5, 6, 8, 10, 11, 14, 21, 22, 25, 26, 29, 30, 31, 32, 33, 38, 39, 40, 41, 44], "summary": {"covered_lines": 21, "num_statements": 24, "percent_covered": 87.5, "percent_covered_display": "88", "missing_lines": 3, "excluded_lines": 0}, "missing_lines": [23, 27, 43], "excluded_lines": []}}}, "src\\climasus4py\\utils\\__init__.py": {"executed_lines": [1, 3, 5], "summary": {"covered_lines": 2, "num_statements": 2, "percent_covered": 100.0, "percent_covered_display": "100", "missing_lines": 0, "excluded_lines": 0}, "missing_lines": [], "excluded_lines": [], "functions": {"": {"executed_lines": [1, 3, 5], "summary": {"covered_lines": 2, "num_statements": 2, "percent_covered": 100.0, "percent_covered_display": "100", "missing_lines": 0, "excluded_lines": 0}, "missing_lines": [], "excluded_lines": []}}, "classes": {"": {"executed_lines": [1, 3, 5], "summary": {"covered_lines": 2, "num_statements": 2, "percent_covered": 100.0, "percent_covered_display": "100", "missing_lines": 0, "excluded_lines": 0}, "missing_lines": [], "excluded_lines": []}}}, "src\\climasus4py\\utils\\cid.py": {"executed_lines": [1, 6, 8, 10, 13, 30, 31, 33, 34, 37, 38, 39, 40, 41, 44, 66, 67, 68, 69, 70, 71, 72, 73, 75, 76, 79], "summary": {"covered_lines": 25, "num_statements": 42, "percent_covered": 59.523809523809526, "percent_covered_display": "60", "missing_lines": 17, "excluded_lines": 0}, "missing_lines": [105, 107, 108, 111, 112, 113, 114, 115, 116, 117, 118, 119, 121, 122, 123, 124, 126], "excluded_lines": [], "functions": {"expand_cid_range": {"executed_lines": [30, 31, 33, 34, 37, 38, 39, 40, 41], "summary": {"covered_lines": 9, "num_statements": 9, "percent_covered": 100.0, "percent_covered_display": "100", "missing_lines": 0, "excluded_lines": 0}, "missing_lines": [], "excluded_lines": []}, "expand_cid_ranges": {"executed_lines": [66, 67, 68, 69, 70, 71, 72, 73, 75, 76], "summary": {"covered_lines": 10, "num_statements": 10, "percent_covered": 100.0, "percent_covered_display": "100", "missing_lines": 0, "excluded_lines": 0}, "missing_lines": [], "excluded_lines": []}, "codes_for_groups": {"executed_lines": [], "summary": {"covered_lines": 0, "num_statements": 17, "percent_covered": 0.0, "percent_covered_display": "0", "missing_lines": 17, "excluded_lines": 0}, "missing_lines": [105, 107, 108, 111, 112, 113, 114, 115, 116, 117, 118, 119, 121, 122, 123, 124, 126], "excluded_lines": []}, "": {"executed_lines": [1, 6, 8, 10, 13, 44, 79], "summary": {"covered_lines": 6, "num_statements": 6, "percent_covered": 100.0, "percent_covered_display": "100", "missing_lines": 0, "excluded_lines": 0}, "missing_lines": [], "excluded_lines": []}}, "classes": {"": {"executed_lines": [1, 6, 8, 10, 13, 30, 31, 33, 34, 37, 38, 39, 40, 41, 44, 66, 67, 68, 69, 70, 71, 72, 73, 75, 76, 79], "summary": {"covered_lines": 25, "num_statements": 42, "percent_covered": 59.523809523809526, "percent_covered_display": "60", "missing_lines": 17, "excluded_lines": 0}, "missing_lines": [105, 107, 108, 111, 112, 113, 114, 115, 116, 117, 118, 119, 121, 122, 123, 124, 126], "excluded_lines": []}}}, "src\\climasus4py\\utils\\data.py": {"executed_lines": [2, 7, 9, 10, 11, 12, 13, 14, 15, 17, 23, 26, 34, 35, 38, 39, 40, 41, 42, 43, 46, 47, 48, 49, 56, 70, 73, 75, 82, 83, 105, 106, 109, 110, 117, 178, 179, 181, 182, 183, 184, 194, 223, 236, 237, 241, 244, 245, 265, 276, 279, 290, 293, 304, 311, 331, 333, 334, 335, 339, 340, 341, 342, 345, 352, 353, 356, 375, 376, 377, 378, 379, 380, 383, 385, 386, 387, 388, 389, 392, 411, 414, 433, 436, 455, 458, 476, 479, 503, 504, 517, 534, 540, 543, 558], "summary": {"covered_lines": 94, "num_statements": 117, "percent_covered": 80.34188034188034, "percent_covered_display": "80", "missing_lines": 23, "excluded_lines": 0}, "missing_lines": [52, 53, 107, 185, 186, 187, 224, 225, 226, 229, 230, 231, 232, 239, 240, 249, 250, 251, 257, 258, 262, 336, 343], "excluded_lines": [], "functions": {"_find_data_dir": {"executed_lines": [34, 35, 38, 39, 40, 41, 42, 43, 46, 47, 48, 49], "summary": {"covered_lines": 12, "num_statements": 14, "percent_covered": 85.71428571428571, "percent_covered_display": "86", "missing_lines": 2, "excluded_lines": 0}, "missing_lines": [52, 53], "excluded_lines": []}, "data_path": {"executed_lines": [70], "summary": {"covered_lines": 1, "num_statements": 1, "percent_covered": 100.0, "percent_covered_display": "100", "missing_lines": 0, "excluded_lines": 0}, "missing_lines": [], "excluded_lines": []}, "climasus_data_path": {"executed_lines": [75], "summary": {"covered_lines": 1, "num_statements": 1, "percent_covered": 100.0, "percent_covered_display": "100", "missing_lines": 0, "excluded_lines": 0}, "missing_lines": [], "excluded_lines": []}, "load_json": {"executed_lines": [105, 106, 109, 110], "summary": {"covered_lines": 4, "num_statements": 5, "percent_covered": 80.0, "percent_covered_display": "80", "missing_lines": 1, "excluded_lines": 0}, "missing_lines": [107], "excluded_lines": []}, "load_datasus_columns_spec": {"executed_lines": [181, 182, 183, 184], "summary": {"covered_lines": 4, "num_statements": 7, "percent_covered": 57.142857142857146, "percent_covered_display": "57", "missing_lines": 3, "excluded_lines": 0}, "missing_lines": [185, 186, 187], "excluded_lines": []}, "update_climasus_data": {"executed_lines": [223, 236, 237, 241, 244, 245], "summary": {"covered_lines": 6, "num_statements": 21, "percent_covered": 28.571428571428573, "percent_covered_display": "29", "missing_lines": 15, "excluded_lines": 0}, "missing_lines": [224, 225, 226, 229, 230, 231, 232, 239, 240, 249, 250, 251, 257, 258, 262], "excluded_lines": []}, "load_systems": {"executed_lines": [276], "summary": {"covered_lines": 1, "num_statements": 1, "percent_covered": 100.0, "percent_covered_display": "100", "missing_lines": 0, "excluded_lines": 0}, "missing_lines": [], "excluded_lines": []}, "load_uf_codes": {"executed_lines": [290], "summary": {"covered_lines": 1, "num_statements": 1, "percent_covered": 100.0, "percent_covered_display": "100", "missing_lines": 0, "excluded_lines": 0}, "missing_lines": [], "excluded_lines": []}, "load_regions": {"executed_lines": [304], "summary": {"covered_lines": 1, "num_statements": 1, "percent_covered": 100.0, "percent_covered_display": "100", "missing_lines": 0, "excluded_lines": 0}, "missing_lines": [], "excluded_lines": []}, "resolve_uf": {"executed_lines": [331, 333, 334, 335, 339, 340, 341, 342, 345], "summary": {"covered_lines": 9, "num_statements": 11, "percent_covered": 81.81818181818181, "percent_covered_display": "82", "missing_lines": 2, "excluded_lines": 0}, "missing_lines": [336, 343], "excluded_lines": []}, "_load_datasus_columns_json": {"executed_lines": [353], "summary": {"covered_lines": 1, "num_statements": 1, "percent_covered": 100.0, "percent_covered_display": "100", "missing_lines": 0, "excluded_lines": 0}, "missing_lines": [], "excluded_lines": []}, "detect_system": {"executed_lines": [375, 376, 377, 378, 379, 380], "summary": {"covered_lines": 6, "num_statements": 6, "percent_covered": 100.0, "percent_covered_display": "100", "missing_lines": 0, "excluded_lines": 0}, "missing_lines": [], "excluded_lines": []}, "_detect_column": {"executed_lines": [385, 386, 387, 388, 389], "summary": {"covered_lines": 5, "num_statements": 5, "percent_covered": 100.0, "percent_covered_display": "100", "missing_lines": 0, "excluded_lines": 0}, "missing_lines": [], "excluded_lines": []}, "detect_date_column": {"executed_lines": [411], "summary": {"covered_lines": 1, "num_statements": 1, "percent_covered": 100.0, "percent_covered_display": "100", "missing_lines": 0, "excluded_lines": 0}, "missing_lines": [], "excluded_lines": []}, "detect_cause_column": {"executed_lines": [433], "summary": {"covered_lines": 1, "num_statements": 1, "percent_covered": 100.0, "percent_covered_display": "100", "missing_lines": 0, "excluded_lines": 0}, "missing_lines": [], "excluded_lines": []}, "detect_age_column": {"executed_lines": [455], "summary": {"covered_lines": 1, "num_statements": 1, "percent_covered": 100.0, "percent_covered_display": "100", "missing_lines": 0, "excluded_lines": 0}, "missing_lines": [], "excluded_lines": []}, "detect_sex_column": {"executed_lines": [476], "summary": {"covered_lines": 1, "num_statements": 1, "percent_covered": 100.0, "percent_covered_display": "100", "missing_lines": 0, "excluded_lines": 0}, "missing_lines": [], "excluded_lines": []}, "decode_age_sql": {"executed_lines": [503, 504], "summary": {"covered_lines": 2, "num_statements": 2, "percent_covered": 100.0, "percent_covered_display": "100", "missing_lines": 0, "excluded_lines": 0}, "missing_lines": [], "excluded_lines": []}, "detect_geo_column": {"executed_lines": [534, 540], "summary": {"covered_lines": 2, "num_statements": 2, "percent_covered": 100.0, "percent_covered_display": "100", "missing_lines": 0, "excluded_lines": 0}, "missing_lines": [], "excluded_lines": []}, "system_family": {"executed_lines": [558], "summary": {"covered_lines": 1, "num_statements": 1, "percent_covered": 100.0, "percent_covered_display": "100", "missing_lines": 0, "excluded_lines": 0}, "missing_lines": [], "excluded_lines": []}, "": {"executed_lines": [2, 7, 9, 10, 11, 12, 13, 14, 15, 17, 23, 26, 56, 73, 82, 83, 117, 178, 179, 194, 265, 279, 293, 311, 352, 356, 383, 392, 414, 436, 458, 479, 517, 543], "summary": {"covered_lines": 33, "num_statements": 33, "percent_covered": 100.0, "percent_covered_display": "100", "missing_lines": 0, "excluded_lines": 0}, "missing_lines": [], "excluded_lines": []}}, "classes": {"": {"executed_lines": [2, 7, 9, 10, 11, 12, 13, 14, 15, 17, 23, 26, 34, 35, 38, 39, 40, 41, 42, 43, 46, 47, 48, 49, 56, 70, 73, 75, 82, 83, 105, 106, 109, 110, 117, 178, 179, 181, 182, 183, 184, 194, 223, 236, 237, 241, 244, 245, 265, 276, 279, 290, 293, 304, 311, 331, 333, 334, 335, 339, 340, 341, 342, 345, 352, 353, 356, 375, 376, 377, 378, 379, 380, 383, 385, 386, 387, 388, 389, 392, 411, 414, 433, 436, 455, 458, 476, 479, 503, 504, 517, 534, 540, 543, 558], "summary": {"covered_lines": 94, "num_statements": 117, "percent_covered": 80.34188034188034, "percent_covered_display": "80", "missing_lines": 23, "excluded_lines": 0}, "missing_lines": [52, 53, 107, 185, 186, 187, 224, 225, 226, 229, 230, 231, 232, 239, 240, 249, 250, 251, 257, 258, 262, 336, 343], "excluded_lines": []}}}, "src\\climasus4py\\utils\\encoding.py": {"executed_lines": [1, 6, 9, 30, 31, 32, 33], "summary": {"covered_lines": 6, "num_statements": 6, "percent_covered": 100.0, "percent_covered_display": "100", "missing_lines": 0, "excluded_lines": 0}, "missing_lines": [], "excluded_lines": [], "functions": {"fix_encoding": {"executed_lines": [30, 31, 32, 33], "summary": {"covered_lines": 4, "num_statements": 4, "percent_covered": 100.0, "percent_covered_display": "100", "missing_lines": 0, "excluded_lines": 0}, "missing_lines": [], "excluded_lines": []}, "": {"executed_lines": [1, 6, 9], "summary": {"covered_lines": 2, "num_statements": 2, "percent_covered": 100.0, "percent_covered_display": "100", "missing_lines": 0, "excluded_lines": 0}, "missing_lines": [], "excluded_lines": []}}, "classes": {"": {"executed_lines": [1, 6, 9, 30, 31, 32, 33], "summary": {"covered_lines": 6, "num_statements": 6, "percent_covered": 100.0, "percent_covered_display": "100", "missing_lines": 0, "excluded_lines": 0}, "missing_lines": [], "excluded_lines": []}}}, "src\\climasus4py\\utils\\explore.py": {"executed_lines": [1, 6, 8, 11, 44, 45, 47, 48, 49, 50, 52, 53, 55, 56, 59], "summary": {"covered_lines": 14, "num_statements": 14, "percent_covered": 100.0, "percent_covered_display": "100", "missing_lines": 0, "excluded_lines": 0}, "missing_lines": [], "excluded_lines": [], "functions": {"sus_explore": {"executed_lines": [44, 45, 47, 48, 49, 50, 52, 53, 55, 56, 59], "summary": {"covered_lines": 11, "num_statements": 11, "percent_covered": 100.0, "percent_covered_display": "100", "missing_lines": 0, "excluded_lines": 0}, "missing_lines": [], "excluded_lines": []}, "": {"executed_lines": [1, 6, 8, 11], "summary": {"covered_lines": 3, "num_statements": 3, "percent_covered": 100.0, "percent_covered_display": "100", "missing_lines": 0, "excluded_lines": 0}, "missing_lines": [], "excluded_lines": []}}, "classes": {"": {"executed_lines": [1, 6, 8, 11, 44, 45, 47, 48, 49, 50, 52, 53, 55, 56, 59], "summary": {"covered_lines": 14, "num_statements": 14, "percent_covered": 100.0, "percent_covered_display": "100", "missing_lines": 0, "excluded_lines": 0}, "missing_lines": [], "excluded_lines": []}}}, "src\\climasus4py\\utils\\inmet_parser.py": {"executed_lines": [1, 22, 24, 25, 27, 28, 35, 74, 95, 110, 134, 218, 229, 234, 267, 276, 299], "summary": {"covered_lines": 16, "num_statements": 106, "percent_covered": 15.09433962264151, "percent_covered_display": "15", "missing_lines": 90, "excluded_lines": 0}, "missing_lines": [123, 124, 125, 126, 127, 135, 136, 139, 140, 141, 142, 143, 144, 145, 146, 147, 148, 150, 151, 152, 155, 156, 157, 160, 161, 163, 164, 174, 175, 178, 181, 184, 185, 186, 187, 195, 198, 201, 204, 205, 206, 208, 209, 210, 215, 220, 221, 222, 223, 224, 225, 226, 231, 236, 239, 243, 244, 245, 247, 249, 251, 259, 261, 263, 264, 269, 270, 271, 272, 273, 278, 279, 280, 282, 283, 285, 286, 289, 290, 291, 293, 294, 296, 301, 302, 303, 305, 306, 307, 309], "excluded_lines": [], "functions": {"parse_inmet_csv": {"executed_lines": [], "summary": {"covered_lines": 0, "num_statements": 5, "percent_covered": 0.0, "percent_covered_display": "0", "missing_lines": 5, "excluded_lines": 0}, "missing_lines": [123, 124, 125, 126, 127], "excluded_lines": []}, "_parse": {"executed_lines": [], "summary": {"covered_lines": 0, "num_statements": 40, "percent_covered": 0.0, "percent_covered_display": "0", "missing_lines": 40, "excluded_lines": 0}, "missing_lines": [135, 136, 139, 140, 141, 142, 143, 144, 145, 146, 147, 148, 150, 151, 152, 155, 156, 157, 160, 161, 163, 164, 174, 175, 178, 181, 184, 185, 186, 187, 195, 198, 201, 204, 205, 206, 208, 209, 210, 215], "excluded_lines": []}, "_rename_columns": {"executed_lines": [], "summary": {"covered_lines": 0, "num_statements": 7, "percent_covered": 0.0, "percent_covered_display": "0", "missing_lines": 7, "excluded_lines": 0}, "missing_lines": [220, 221, 222, 223, 224, 225, 226], "excluded_lines": []}, "_normalise_key": {"executed_lines": [], "summary": {"covered_lines": 0, "num_statements": 1, "percent_covered": 0.0, "percent_covered_display": "0", "missing_lines": 1, "excluded_lines": 0}, "missing_lines": [231], "excluded_lines": []}, "_parse_datetime": {"executed_lines": [], "summary": {"covered_lines": 0, "num_statements": 12, "percent_covered": 0.0, "percent_covered_display": "0", "missing_lines": 12, "excluded_lines": 0}, "missing_lines": [236, 239, 243, 244, 245, 247, 249, 251, 259, 261, 263, 264], "excluded_lines": []}, "_apply_physical_qc": {"executed_lines": [], "summary": {"covered_lines": 0, "num_statements": 5, "percent_covered": 0.0, "percent_covered_display": "0", "missing_lines": 5, "excluded_lines": 0}, "missing_lines": [269, 270, 271, 272, 273], "excluded_lines": []}, "_qc_dew_point": {"executed_lines": [], "summary": {"covered_lines": 0, "num_statements": 13, "percent_covered": 0.0, "percent_covered_display": "0", "missing_lines": 13, "excluded_lines": 0}, "missing_lines": [278, 279, 280, 282, 283, 285, 286, 289, 290, 291, 293, 294, 296], "excluded_lines": []}, "_qc_solar_radiation": {"executed_lines": [], "summary": {"covered_lines": 0, "num_statements": 7, "percent_covered": 0.0, "percent_covered_display": "0", "missing_lines": 7, "excluded_lines": 0}, "missing_lines": [301, 302, 303, 305, 306, 307, 309], "excluded_lines": []}, "": {"executed_lines": [1, 22, 24, 25, 27, 28, 35, 74, 95, 110, 134, 218, 229, 234, 267, 276, 299], "summary": {"covered_lines": 16, "num_statements": 16, "percent_covered": 100.0, "percent_covered_display": "100", "missing_lines": 0, "excluded_lines": 0}, "missing_lines": [], "excluded_lines": []}}, "classes": {"": {"executed_lines": [1, 22, 24, 25, 27, 28, 35, 74, 95, 110, 134, 218, 229, 234, 267, 276, 299], "summary": {"covered_lines": 16, "num_statements": 106, "percent_covered": 15.09433962264151, "percent_covered_display": "15", "missing_lines": 90, "excluded_lines": 0}, "missing_lines": [123, 124, 125, 126, 127, 135, 136, 139, 140, 141, 142, 143, 144, 145, 146, 147, 148, 150, 151, 152, 155, 156, 157, 160, 161, 163, 164, 174, 175, 178, 181, 184, 185, 186, 187, 195, 198, 201, 204, 205, 206, 208, 209, 210, 215, 220, 221, 222, 223, 224, 225, 226, 231, 236, 239, 243, 244, 245, 247, 249, 251, 259, 261, 263, 264, 269, 270, 271, 272, 273, 278, 279, 280, 282, 283, 285, 286, 289, 290, 291, 293, 294, 296, 301, 302, 303, 305, 306, 307, 309], "excluded_lines": []}}}, "src\\climasus4py\\utils\\quality.py": {"executed_lines": [1, 6, 8, 9, 11, 12, 15, 44, 46, 47, 48, 52, 53, 56, 57, 62, 63, 64, 69], "summary": {"covered_lines": 18, "num_statements": 18, "percent_covered": 100.0, "percent_covered_display": "100", "missing_lines": 0, "excluded_lines": 0}, "missing_lines": [], "excluded_lines": [], "functions": {"sus_quality": {"executed_lines": [44, 46, 47, 48, 52, 53, 56, 57, 62, 63, 64, 69], "summary": {"covered_lines": 12, "num_statements": 12, "percent_covered": 100.0, "percent_covered_display": "100", "missing_lines": 0, "excluded_lines": 0}, "missing_lines": [], "excluded_lines": []}, "": {"executed_lines": [1, 6, 8, 9, 11, 12, 15], "summary": {"covered_lines": 6, "num_statements": 6, "percent_covered": 100.0, "percent_covered_display": "100", "missing_lines": 0, "excluded_lines": 0}, "missing_lines": [], "excluded_lines": []}}, "classes": {"": {"executed_lines": [1, 6, 8, 9, 11, 12, 15, 44, 46, 47, 48, 52, 53, 56, 57, 62, 63, 64, 69], "summary": {"covered_lines": 18, "num_statements": 18, "percent_covered": 100.0, "percent_covered_display": "100", "missing_lines": 0, "excluded_lines": 0}, "missing_lines": [], "excluded_lines": []}}}}, "totals": {"covered_lines": 1045, "num_statements": 1804, "percent_covered": 57.926829268292686, "percent_covered_display": "58", "missing_lines": 759, "excluded_lines": 6}}